<?xml version="1.0" encoding="UTF-8"?>
<!-- Generated by org.testng.reporters.JUnitReportReporter -->
<testsuite skipped="2" hostname="DESKTOP-F50HBUA" name="Academy.E2EProject1.HomePage" tests="2" failures="0" timestamp="2021-01-28T20:49:06 EST" time="0.000" errors="0">
  <testcase name="basepageNavigation" time="0.000" classname="Academy.E2EProject1.HomePage">
    <skipped/>
  </testcase> <!-- basepageNavigation -->
  <system-out/>
  <testcase name="basepageNavigation" time="0.000" classname="Academy.E2EProject1.HomePage">
    <skipped/>
  </testcase> <!-- basepageNavigation -->
  <system-out/>
</testsuite> <!-- Academy.E2EProject1.HomePage -->
