<?xml version="1.0" encoding="UTF-8"?>
<!-- Generated by org.testng.reporters.JUnitReportReporter -->
<testsuite skipped="0" hostname="DESKTOP-F50HBUA" name="Academy.E2EProject1.ValidateNavigationBar" tests="1" failures="0" timestamp="2021-01-28T20:53:38 EST" time="0.106" errors="0">
  <testcase name="basepageNavigation" time="0.106" classname="Academy.E2EProject1.ValidateNavigationBar"/>
  <system-out/>
</testsuite> <!-- Academy.E2EProject1.ValidateNavigationBar -->
